0 info it worked if it ends with ok
1 verbose cli [ 'C:\\Program Files\\nodejs\\node.exe',
1 verbose cli   'C:\\Program Files\\nodejs\\node_modules\\npm\\bin\\npm-cli.js',
1 verbose cli   'publish' ]
2 info using npm@3.10.10
3 info using node@v6.9.5
4 verbose publish [ '.' ]
5 silly cache add args [ '.', null ]
6 verbose cache add spec .
7 silly cache add parsed spec Result {
7 silly cache add   raw: '.',
7 silly cache add   scope: null,
7 silly cache add   escapedName: null,
7 silly cache add   name: null,
7 silly cache add   rawSpec: '.',
7 silly cache add   spec: 'C:\\Users\\david.ayala\\Dropbox\\DAVID\\PROJECTES\\markdown2json',
7 silly cache add   type: 'directory' }
8 verbose addLocalDirectory C:\Users\david.ayala\AppData\Roaming\npm-cache\markdown2json\0.0.9\package.tgz not in flight; packing
9 verbose correctMkdir C:\Users\david.ayala\AppData\Roaming\npm-cache correctMkdir not in flight; initializing
10 info lifecycle markdown2json@0.0.9~prepublish: markdown2json@0.0.9
11 silly lifecycle markdown2json@0.0.9~prepublish: no script for prepublish, continuing
12 verbose tar pack [ 'C:\\Users\\david.ayala\\AppData\\Roaming\\npm-cache\\markdown2json\\0.0.9\\package.tgz',
12 verbose tar pack   'C:\\Users\\david.ayala\\Dropbox\\DAVID\\PROJECTES\\markdown2json' ]
13 verbose tarball C:\Users\david.ayala\AppData\Roaming\npm-cache\markdown2json\0.0.9\package.tgz
14 verbose folder C:\Users\david.ayala\Dropbox\DAVID\PROJECTES\markdown2json
15 verbose addLocalTarball adding from inside cache C:\Users\david.ayala\AppData\Roaming\npm-cache\markdown2json\0.0.9\package.tgz
16 verbose correctMkdir C:\Users\david.ayala\AppData\Roaming\npm-cache correctMkdir not in flight; initializing
17 silly cache afterAdd markdown2json@0.0.9
18 verbose afterAdd C:\Users\david.ayala\AppData\Roaming\npm-cache\markdown2json\0.0.9\package\package.json not in flight; writing
19 verbose correctMkdir C:\Users\david.ayala\AppData\Roaming\npm-cache correctMkdir not in flight; initializing
20 verbose afterAdd C:\Users\david.ayala\AppData\Roaming\npm-cache\markdown2json\0.0.9\package\package.json written
21 silly publish { name: 'markdown2json',
21 silly publish   version: '0.0.9',
21 silly publish   description: 'creates a json index from markdown content directory (static search generators)',
21 silly publish   main: 'index.js',
21 silly publish   author: { name: 'davixyz@gmail.com' },
21 silly publish   dependencies: { bluebird: '^3.4.1', naml: '^1.0.3' },
21 silly publish   readme: '# Markdown to JSON converter\r\n\r\n* Easy conversion from markdown files to json, to create an index.\r\n\r\n* Later, you can inject the json into algolia search.\r\n\r\n* It accepts YAML or TOML front matters.\r\n\r\n# Install\r\n\r\n\t\tnpm install markdown2json --save\r\n\r\n# Usage\r\n\r\n## Indexer\r\n\r\n\t\tvar indexer = require("markdown2json").Indexer;\r\n\r\n\t\tindexer = new indexer(options);\r\n\r\n\t\tindexer.run().then(...);\r\n\r\n\r\n"options" is a json with the following options:\r\n\r\n\r\n* **dir**: String. directory to loop and/or substitute in the path attribute generated in the parsed md file.\r\n* **fileList** : Array. Array of files (paths) to index.\r\n* **index_empty_content**: Boolean. If false, it won\'t add the md to the json if the content is empty. Default is true.\r\n* **cleanMD**: Boolean. If true, cleans markdown characters from content. Default is false.\r\n* **excludeIfProps** : Array. Excludes the document from index if a property exists.\r\n* **removeProps**: Array. Remove props from the Front Matter of the returned md.\r\n* **excludes**: Array of strings. Paths to avoid in the indexing\r\n\r\n## Parser\r\n\r\n\t\tvar parser = require("markdown2json").parseMD;\r\n\r\n\t\tparser(file, options).then(...)\r\n\r\nwhere "options" is a json with the following options:\r\n\r\n* **dir**: String. directory to replace and leave only relative path\r\n* **cleanMD**: Boolean. if true, cleans markdown characters from content. Default is false\r\n* **removeProps**: Array. Remove props from the Front Matter of the returned md.\r\n\r\n## Parsed objects\r\n\r\nParsed object include:\r\n\r\n- all the metadata in the front matter\r\n- path: filepath without the root dir, if present\r\n- objectID: base64 encoded path\r\n- content, if exists\r\n- indexTime: time in millis of the indexation\r\n\r\n# Example - loop over a content directory, for example, from gohugo static site generator\r\n\r\n\t\tvar indexer = require("markdown2json").Indexer;\r\n\r\n\t\tvar algoliasearch = require(\'algoliasearch\');\r\n\t\tvar client = algoliasearch(\'YOURAPP ID\', \'MANAGEMENT API KEY\');\r\n\t\tvar algolia = client.initIndex(\'indexname\');\r\n\r\n\t\tindexer = new indexer(\r\n\t\t\t{\r\n\t\t\t\t"dir" : "./content",\r\n\t\t\t\t"domain" : "http://yourdomain.com",\r\n\t\t\t\t"index_empty_content" : false, //if md content == "", is not indexed\r\n\t\t\t\t"excludeIfProps" : ["my_custom_prop"],\r\n\t\t\t\t"cleanMD" : true,\r\n\t\t\t\t"removeProps" : ["image"],\r\n\t\t\t\t"excludes" : [\r\n\t\t\t\t\t"/path1/path2",\r\n\t\t\t\t\t"/path4"\r\n\t\t\t\t]\r\n\t\t\t}\r\n\t\t);\r\n\r\n\t\tindexer.run().then(\r\n\t\t\tfunction(idx){\r\n\t\t\t\tconsole.log(idx.length + " documents indexed");\r\n\t\t\t\tconsole.log("publishing to algolia...");\r\n\r\n\t\t\t\talgolia.saveObjects(idx, function(err, content) {\r\n\t\t\t\t  if(err===null){\r\n\t\t\t\t\tconsole.log("published!");\r\n\t\t\t\t\talgolia.deleteByQuery({\r\n\t\t\t\t\t  filters: \'indexTime < \' + idx[0].indexTime\r\n\t\t\t\t\t}, function(err) {\r\n\t\t\t\t\t\tif (!err) {\r\n\t\t\t\t\t\t    console.log(\'old records deleted\');\r\n\t\t\t\t\t\t}\r\n\t\t\t\t\t});\r\n\t\t\t\t  }else{\r\n\t\t\t\t  \tconsole.error(err);\r\n\t\t\t\t  }\r\n\t\t\t\t});\r\n\r\n\t\t\t}\t\r\n\t\t)\r\n\r\n# Example - parse single file\r\n\r\n\t\tvar parser = require("markdown2json").parseMD;\r\n\r\n\t\tparser("./content/markdownfile.md", {\r\n\t\t\t"dir" : "./content",\r\n\t\t\t"cleanMD" : true,\r\n\t\t}).then(\r\n\t\t\tfunction(jsonObj){\r\n\t\t\t\tconsole.log(jsonObj)\r\n\t\t\t}\r\n\t\t)\r\n\r\n',
21 silly publish   readmeFilename: 'README.md',
21 silly publish   gitHead: '1ab7a9c042bae968c90fb8e6424c6661fc2c350f',
21 silly publish   _id: 'markdown2json@0.0.9',
21 silly publish   scripts: {},
21 silly publish   _shasum: '5ce6e1b6b52952ff46f9c7ad3146774025ec5f7c',
21 silly publish   _from: '.' }
22 verbose getPublishConfig undefined
23 silly mapToRegistry name markdown2json
24 silly mapToRegistry using default registry
25 silly mapToRegistry registry https://registry.npmjs.org/
26 silly mapToRegistry data Result {
26 silly mapToRegistry   raw: 'markdown2json',
26 silly mapToRegistry   scope: null,
26 silly mapToRegistry   escapedName: 'markdown2json',
26 silly mapToRegistry   name: 'markdown2json',
26 silly mapToRegistry   rawSpec: '',
26 silly mapToRegistry   spec: 'latest',
26 silly mapToRegistry   type: 'tag' }
27 silly mapToRegistry uri https://registry.npmjs.org/markdown2json
28 verbose publish registryBase https://registry.npmjs.org/
29 silly publish uploading C:\Users\david.ayala\AppData\Roaming\npm-cache\markdown2json\0.0.9\package.tgz
30 verbose request uri https://registry.npmjs.org/markdown2json
31 verbose request sending authorization for write operation
32 info attempt registry request try #1 at 12:48:20
33 verbose request using bearer token for auth
34 verbose request id 2b0fd37654d978f2
35 http request PUT https://registry.npmjs.org/markdown2json
36 http 403 https://registry.npmjs.org/markdown2json
37 verbose headers { 'content-type': 'application/json',
37 verbose headers   'cache-control': 'max-age=300',
37 verbose headers   'content-length': '95',
37 verbose headers   'accept-ranges': 'bytes',
37 verbose headers   date: 'Mon, 12 Jun 2017 10:48:22 GMT',
37 verbose headers   via: '1.1 varnish',
37 verbose headers   connection: 'keep-alive',
37 verbose headers   'x-served-by': 'cache-mad9433-MAD',
37 verbose headers   'x-cache': 'MISS',
37 verbose headers   'x-cache-hits': '0',
37 verbose headers   'x-timer': 'S1497264501.062289,VS0,VE1047',
37 verbose headers   vary: 'Accept-Encoding' }
38 verbose request invalidating C:\Users\david.ayala\AppData\Roaming\npm-cache\registry.npmjs.org\markdown2json on PUT
39 error publish Failed PUT 403
40 verbose stack Error: "You cannot publish over the previously published version 0.0.9." : markdown2json
40 verbose stack     at makeError (C:\Program Files\nodejs\node_modules\npm\node_modules\npm-registry-client\lib\request.js:302:12)
40 verbose stack     at CachingRegistryClient.<anonymous> (C:\Program Files\nodejs\node_modules\npm\node_modules\npm-registry-client\lib\request.js:290:14)
40 verbose stack     at Request._callback (C:\Program Files\nodejs\node_modules\npm\node_modules\npm-registry-client\lib\request.js:210:14)
40 verbose stack     at Request.self.callback (C:\Program Files\nodejs\node_modules\npm\node_modules\request\request.js:187:22)
40 verbose stack     at emitTwo (events.js:106:13)
40 verbose stack     at Request.emit (events.js:191:7)
40 verbose stack     at Request.<anonymous> (C:\Program Files\nodejs\node_modules\npm\node_modules\request\request.js:1048:10)
40 verbose stack     at emitOne (events.js:96:13)
40 verbose stack     at Request.emit (events.js:188:7)
40 verbose stack     at IncomingMessage.<anonymous> (C:\Program Files\nodejs\node_modules\npm\node_modules\request\request.js:969:12)
41 verbose statusCode 403
42 verbose pkgid markdown2json
43 verbose cwd C:\Users\david.ayala\Dropbox\DAVID\PROJECTES\markdown2json
44 error Windows_NT 6.3.9600
45 error argv "C:\\Program Files\\nodejs\\node.exe" "C:\\Program Files\\nodejs\\node_modules\\npm\\bin\\npm-cli.js" "publish"
46 error node v6.9.5
47 error npm  v3.10.10
48 error code E403
49 error "You cannot publish over the previously published version 0.0.9." : markdown2json
50 error If you need help, you may report this error at:
50 error     <https://github.com/npm/npm/issues>
51 verbose exit [ 1, true ]
